Determining if the pthread_create exist failed with the following output:
Change Dir: /home/yiklungpang/maria_simulation/build/CMakeFiles/CMakeTmp

Run Build Command:"/usr/bin/make" "cmTC_f1424/fast"
/usr/bin/make -f CMakeFiles/cmTC_f1424.dir/build.make CMakeFiles/cmTC_f1424.dir/build
make[1]: Entering directory '/home/yiklungpang/maria_simulation/build/CMakeFiles/CMakeTmp'
Building C object CMakeFiles/cmTC_f1424.dir/CheckSymbolExists.c.o
/usr/bin/cc     -o CMakeFiles/cmTC_f1424.dir/CheckSymbolExists.c.o   -c /home/yiklungpang/maria_simulation/build/CMakeFiles/CMakeTmp/CheckSymbolExists.c
Linking C executable cmTC_f1424
/usr/bin/cmake -E cmake_link_script CMakeFiles/cmTC_f1424.dir/link.txt --verbose=1
/usr/bin/cc       CMakeFiles/cmTC_f1424.dir/CheckSymbolExists.c.o  -o cmTC_f1424 -rdynamic 
CMakeFiles/cmTC_f1424.dir/CheckSymbolExists.c.o: In function `main':
CheckSymbolExists.c:(.text+0x16): undefined reference to `pthread_create'
collect2: error: ld returned 1 exit status
CMakeFiles/cmTC_f1424.dir/build.make:97: recipe for target 'cmTC_f1424' failed
make[1]: *** [cmTC_f1424] Error 1
make[1]: Leaving directory '/home/yiklungpang/maria_simulation/build/CMakeFiles/CMakeTmp'
Makefile:126: recipe for target 'cmTC_f1424/fast' failed
make: *** [cmTC_f1424/fast] Error 2

File /home/yiklungpang/maria_simulation/build/CMakeFiles/CMakeTmp/CheckSymbolExists.c:
/* */
#include <pthread.h>

int main(int argc, char** argv)
{
  (void)argv;
#ifndef pthread_create
  return ((int*)(&pthread_create))[argc];
#else
  (void)argc;
  return 0;
#endif
}

Determining if the function pthread_create exists in the pthreads failed with the following output:
Change Dir: /home/yiklungpang/maria_simulation/build/CMakeFiles/CMakeTmp

Run Build Command:"/usr/bin/make" "cmTC_4fe92/fast"
/usr/bin/make -f CMakeFiles/cmTC_4fe92.dir/build.make CMakeFiles/cmTC_4fe92.dir/build
make[1]: Entering directory '/home/yiklungpang/maria_simulation/build/CMakeFiles/CMakeTmp'
Building C object CMakeFiles/cmTC_4fe92.dir/CheckFunctionExists.c.o
/usr/bin/cc    -DCHECK_FUNCTION_EXISTS=pthread_create   -o CMakeFiles/cmTC_4fe92.dir/CheckFunctionExists.c.o   -c /usr/share/cmake-3.5/Modules/CheckFunctionExists.c
Linking C executable cmTC_4fe92
/usr/bin/cmake -E cmake_link_script CMakeFiles/cmTC_4fe92.dir/link.txt --verbose=1
/usr/bin/cc   -DCHECK_FUNCTION_EXISTS=pthread_create    CMakeFiles/cmTC_4fe92.dir/CheckFunctionExists.c.o  -o cmTC_4fe92 -rdynamic -lpthreads 
/usr/bin/ld: cannot find -lpthreads
collect2: error: ld returned 1 exit status
CMakeFiles/cmTC_4fe92.dir/build.make:97: recipe for target 'cmTC_4fe92' failed
make[1]: *** [cmTC_4fe92] Error 1
make[1]: Leaving directory '/home/yiklungpang/maria_simulation/build/CMakeFiles/CMakeTmp'
Makefile:126: recipe for target 'cmTC_4fe92/fast' failed
make: *** [cmTC_4fe92/fast] Error 2


